[Browsersync] Proxying: http://localhost:8000
[Browsersync] Access URLs:
 ----------------------------
 Local: http://localhost:3000
 ----------------------------
    UI: http://localhost:3001
 ----------------------------
[Browsersync] Watching files...
[Browsersync] Reloading Browsers... (buffered 22 events)
[Browsersync] Reloading Browsers... (buffered 22 events)
[Browsersync] Reloading Browsers... (buffered 249 events)
[Browsersync] Reloading Browsers... (buffered 254 events)
[Browsersync] Reloading Browsers... (buffered 244 events)
[Browsersync] Reloading Browsers... (buffered 119 events)
[Browsersync] Reloading Browsers... (buffered 121 events)
[Browsersync] Reloading Browsers... (buffered 309 events)
[Browsersync] Reloading Browsers... (buffered 144 events)
[Browsersync] Reloading Browsers... (buffered 37 events)
[Browsersync] Reloading Browsers... (buffered 339 events)
[Browsersync] Reloading Browsers... (buffered 153 events)
[Browsersync] Reloading Browsers... (buffered 147 events)
[Browsersync] Reloading Browsers... (buffered 142 events)
[Browsersync] Reloading Browsers... (buffered 8 events)
[Browsersync] Reloading Browsers... (buffered 246 events)
[Browsersync] Reloading Browsers... (buffered 132 events)
[Browsersync] Reloading Browsers... (buffered 270 events)
[Browsersync] Reloading Browsers... (buffered 110 events)
[Browsersync] Reloading Browsers... (buffered 170 events)
[Browsersync] Reloading Browsers... (buffered 403 events)
[Browsersync] Reloading Browsers... (buffered 5 events)
[Browsersync] Reloading Browsers... (buffered 313 events)
[Browsersync] Reloading Browsers... (buffered 125 events)
[Browsersync] Reloading Browsers... (buffered 250 events)
[Browsersync] Reloading Browsers... (buffered 136 events)
[Browsersync] Reloading Browsers... (buffered 259 events)
[Browsersync] Reloading Browsers... (buffered 141 events)
[Browsersync] Reloading Browsers... (buffered 245 events)
[Browsersync] Reloading Browsers... (buffered 124 events)
[Browsersync] Reloading Browsers... (buffered 132 events)
[Browsersync] Reloading Browsers... (buffered 149 events)
[Browsersync] Reloading Browsers... (buffered 122 events)
[Browsersync] Reloading Browsers... (buffered 268 events)
[Browsersync] Reloading Browsers... (buffered 135 events)
[Browsersync] Reloading Browsers... (buffered 382 events)
[Browsersync] Reloading Browsers... (buffered 135 events)
[Browsersync] Reloading Browsers... (buffered 257 events)
[Browsersync] Reloading Browsers... (buffered 373 events)
[Browsersync] Reloading Browsers... (buffered 246 events)
[Browsersync] Reloading Browsers... (buffered 267 events)
[Browsersync] Reloading Browsers... (buffered 132 events)
[Browsersync] Reloading Browsers... (buffered 124 events)
[Browsersync] Reloading Browsers... (buffered 134 events)
[Browsersync] Reloading Browsers... (buffered 132 events)
[Browsersync] Reloading Browsers... (buffered 118 events)
[Browsersync] Reloading Browsers... (buffered 240 events)
[Browsersync] Reloading Browsers... (buffered 255 events)
[Browsersync] Reloading Browsers... (buffered 151 events)
[Browsersync] Reloading Browsers... (buffered 250 events)
[Browsersync] Reloading Browsers... (buffered 255 events)
[Browsersync] Reloading Browsers... (buffered 119 events)
[Browsersync] Reloading Browsers... (buffered 126 events)
[Browsersync] Reloading Browsers... (buffered 391 events)
[Browsersync] Reloading Browsers... (buffered 251 events)
[Browsersync] Reloading Browsers... (buffered 124 events)
[Browsersync] Reloading Browsers... (buffered 131 events)
[Browsersync] Reloading Browsers... (buffered 234 events)
[Browsersync] Reloading Browsers... (buffered 112 events)
[Browsersync] Reloading Browsers... (buffered 122 events)
[Browsersync] Reloading Browsers... (buffered 247 events)
[Browsersync] Reloading Browsers... (buffered 132 events)
[Browsersync] Reloading Browsers... (buffered 135 events)
[Browsersync] Reloading Browsers... (buffered 124 events)
[Browsersync] Reloading Browsers... (buffered 120 events)
[Browsersync] Reloading Browsers... (buffered 141 events)
[Browsersync] Reloading Browsers... (buffered 231 events)
[Browsersync] Reloading Browsers... (buffered 130 events)
[Browsersync] Reloading Browsers... (buffered 109 events)
[Browsersync] Reloading Browsers... (buffered 126 events)
[Browsersync] Reloading Browsers... (buffered 126 events)
[Browsersync] Reloading Browsers... (buffered 117 events)
[Browsersync] Reloading Browsers... (buffered 244 events)
[Browsersync] Reloading Browsers... (buffered 224 events)
[Browsersync] Reloading Browsers... (buffered 261 events)
[Browsersync] Reloading Browsers... (buffered 114 events)
[Browsersync] Reloading Browsers... (buffered 374 events)
[Browsersync] Reloading Browsers... (buffered 125 events)
[Browsersync] Reloading Browsers... (buffered 251 events)
[Browsersync] Reloading Browsers... (buffered 364 events)
[Browsersync] Reloading Browsers... (buffered 244 events)
[Browsersync] Reloading Browsers... (buffered 239 events)
[Browsersync] Reloading Browsers... (buffered 227 events)
[Browsersync] Reloading Browsers... (buffered 128 events)
[Browsersync] Reloading Browsers... (buffered 232 events)
[Browsersync] Reloading Browsers... (buffered 126 events)
[Browsersync] Reloading Browsers... (buffered 122 events)
[Browsersync] Reloading Browsers... (buffered 240 events)
[Browsersync] Reloading Browsers... (buffered 239 events)
[Browsersync] Reloading Browsers... (buffered 258 events)
[Browsersync] Reloading Browsers... (buffered 121 events)
[Browsersync] Reloading Browsers... (buffered 128 events)
[Browsersync] Reloading Browsers... (buffered 131 events)
[Browsersync] Reloading Browsers... (buffered 343 events)
[Browsersync] Reloading Browsers... (buffered 123 events)
[Browsersync] Reloading Browsers... (buffered 126 events)
[Browsersync] Reloading Browsers... (buffered 126 events)
[Browsersync] Reloading Browsers... (buffered 234 events)
[Browsersync] Reloading Browsers... (buffered 115 events)
[Browsersync] Reloading Browsers... (buffered 251 events)
[Browsersync] Reloading Browsers... (buffered 216 events)
[Browsersync] Reloading Browsers... (buffered 237 events)
[Browsersync] Reloading Browsers... (buffered 129 events)
[Browsersync] Reloading Browsers... (buffered 113 events)
[Browsersync] Reloading Browsers... (buffered 241 events)
[Browsersync] Reloading Browsers... (buffered 115 events)
[Browsersync] Reloading Browsers... (buffered 122 events)
[Browsersync] Reloading Browsers... (buffered 142 events)
[Browsersync] Reloading Browsers... (buffered 141 events)
[Browsersync] Reloading Browsers... (buffered 241 events)
[Browsersync] Reloading Browsers... (buffered 246 events)
[Browsersync] Reloading Browsers... (buffered 239 events)
[Browsersync] Reloading Browsers... (buffered 116 events)
[Browsersync] Reloading Browsers... (buffered 130 events)
[Browsersync] Reloading Browsers... (buffered 254 events)
[Browsersync] Reloading Browsers... (buffered 351 events)
[Browsersync] Reloading Browsers... (buffered 239 events)
[Browsersync] Reloading Browsers... (buffered 122 events)
[Browsersync] Reloading Browsers... (buffered 130 events)
[Browsersync] Reloading Browsers... (buffered 251 events)
[Browsersync] Reloading Browsers... (buffered 391 events)
[Browsersync] Reloading Browsers... (buffered 334 events)
[Browsersync] Reloading Browsers... (buffered 119 events)
[Browsersync] Reloading Browsers... (buffered 254 events)
[Browsersync] Reloading Browsers... (buffered 121 events)
[Browsersync] Reloading Browsers... (buffered 126 events)
[Browsersync] Reloading Browsers... (buffered 257 events)
[Browsersync] Reloading Browsers... (buffered 245 events)
[Browsersync] Reloading Browsers... (buffered 503 events)
[Browsersync] Reloading Browsers... (buffered 252 events)
[Browsersync] Reloading Browsers... (buffered 144 events)
[Browsersync] Reloading Browsers... (buffered 256 events)
[Browsersync] Reloading Browsers... (buffered 265 events)
[Browsersync] Reloading Browsers... (buffered 267 events)
[Browsersync] Reloading Browsers... (buffered 258 events)
[Browsersync] Reloading Browsers... (buffered 252 events)
[Browsersync] Reloading Browsers... (buffered 116 events)
[Browsersync] Reloading Browsers... (buffered 249 events)
[Browsersync] Reloading Browsers... (buffered 219 events)
[Browsersync] Reloading Browsers... (buffered 115 events)
[Browsersync] Reloading Browsers... (buffered 239 events)
[Browsersync] Reloading Browsers... (buffered 121 events)
[Browsersync] Reloading Browsers... (buffered 255 events)
[Browsersync] Reloading Browsers... (buffered 244 events)
[Browsersync] Reloading Browsers... (buffered 246 events)
[Browsersync] Reloading Browsers... (buffered 259 events)
[Browsersync] Reloading Browsers... (buffered 262 events)
[Browsersync] Reloading Browsers... (buffered 119 events)
[Browsersync] Reloading Browsers... (buffered 259 events)
[Browsersync] Reloading Browsers... (buffered 124 events)
[Browsersync] Reloading Browsers... (buffered 140 events)
[Browsersync] Reloading Browsers... (buffered 251 events)
[Browsersync] Reloading Browsers... (buffered 247 events)
[Browsersync] Reloading Browsers... (buffered 130 events)
[Browsersync] Reloading Browsers... (buffered 259 events)
[Browsersync] Reloading Browsers... (buffered 249 events)
[Browsersync] Reloading Browsers... (buffered 132 events)
[Browsersync] Reloading Browsers... (buffered 126 events)
[Browsersync] Reloading Browsers... (buffered 116 events)
[Browsersync] Reloading Browsers... (buffered 124 events)
[Browsersync] Reloading Browsers... (buffered 247 events)
[Browsersync] Reloading Browsers... (buffered 127 events)
[Browsersync] Reloading Browsers... (buffered 255 events)
[Browsersync] Reloading Browsers... (buffered 243 events)
[Browsersync] Reloading Browsers... (buffered 120 events)
[Browsersync] Reloading Browsers... (buffered 124 events)
[Browsersync] Reloading Browsers... (buffered 130 events)
[Browsersync] Reloading Browsers... (buffered 260 events)
[Browsersync] Reloading Browsers... (buffered 251 events)
[Browsersync] Reloading Browsers... (buffered 110 events)
[Browsersync] Reloading Browsers... (buffered 128 events)
[Browsersync] Reloading Browsers... (buffered 255 events)
[Browsersync] Reloading Browsers... (buffered 265 events)
[Browsersync] Reloading Browsers... (buffered 337 events)
[Browsersync] Reloading Browsers... (buffered 58 events)
[Browsersync] Reloading Browsers... (buffered 349 events)
[Browsersync] Reloading Browsers... (buffered 382 events)
[Browsersync] Reloading Browsers... (buffered 155 events)
[Browsersync] Reloading Browsers... (buffered 51 events)
[Browsersync] Reloading Browsers... (buffered 106 events)
[Browsersync] Reloading Browsers... (buffered 267 events)
[Browsersync] Reloading Browsers... (buffered 359 events)
[Browsersync] Reloading Browsers... (buffered 114 events)
[Browsersync] Reloading Browsers... (buffered 113 events)
[Browsersync] Reloading Browsers... (buffered 215 events)
[Browsersync] Reloading Browsers... (buffered 4 events)
[Browsersync] Reloading Browsers... (buffered 162 events)
[Browsersync] Reloading Browsers... (buffered 120 events)
[Browsersync] Reloading Browsers... (buffered 116 events)
[Browsersync] Reloading Browsers... (buffered 401 events)
[Browsersync] Reloading Browsers... (buffered 120 events)
[Browsersync] Reloading Browsers... (buffered 118 events)
[Browsersync] Reloading Browsers... (buffered 124 events)
[Browsersync] Reloading Browsers... (buffered 226 events)
[Browsersync] Reloading Browsers... (buffered 126 events)
[Browsersync] Reloading Browsers... (buffered 144 events)
[Browsersync] Reloading Browsers... (buffered 4 events)
[Browsersync] Reloading Browsers... (buffered 295 events)
[Browsersync] Reloading Browsers... (buffered 111 events)
[Browsersync] Reloading Browsers... (buffered 214 events)
[Browsersync] Reloading Browsers... (buffered 377 events)
[Browsersync] Reloading Browsers... (buffered 118 events)
[Browsersync] Reloading Browsers... (buffered 126 events)
[Browsersync] Reloading Browsers... (buffered 351 events)
[Browsersync] Reloading Browsers... (buffered 126 events)
[Browsersync] Reloading Browsers... (buffered 131 events)
[Browsersync] Reloading Browsers... (buffered 188 events)
[Browsersync] Reloading Browsers... (buffered 120 events)
[Browsersync] Reloading Browsers... (buffered 240 events)
[Browsersync] Reloading Browsers... (buffered 120 events)
[Browsersync] Reloading Browsers... (buffered 243 events)
[Browsersync] Reloading Browsers... (buffered 374 events)
[Browsersync] Reloading Browsers... (buffered 143 events)
[Browsersync] Reloading Browsers... (buffered 302 events)
[Browsersync] Reloading Browsers... (buffered 117 events)
[Browsersync] Reloading Browsers... (buffered 124 events)
[Browsersync] Reloading Browsers... (buffered 250 events)
[Browsersync] Reloading Browsers... (buffered 394 events)
[Browsersync] Reloading Browsers... (buffered 143 events)
[Browsersync] Reloading Browsers... (buffered 240 events)
[Browsersync] Reloading Browsers... (buffered 116 events)
[Browsersync] Reloading Browsers... (buffered 260 events)
[Browsersync] Reloading Browsers... (buffered 139 events)
[Browsersync] Reloading Browsers... (buffered 295 events)
[Browsersync] Reloading Browsers... (buffered 366 events)
[Browsersync] Reloading Browsers... (buffered 107 events)
[Browsersync] Reloading Browsers... (buffered 152 events)
[Browsersync] Reloading Browsers... (buffered 501 events)
[Browsersync] Reloading Browsers... (buffered 119 events)
[Browsersync] Reloading Browsers... (buffered 137 events)
[Browsersync] Reloading Browsers... (buffered 264 events)
[Browsersync] Reloading Browsers... (buffered 233 events)
